<?xml version="1.0" encoding="UTF-8"?><testrun name="UserServiceApplicationTests" project="UserService" tests="2" started="0" failures="0" errors="1" ignored="0">
  <testsuite name="com.userservice.UserServiceApplicationTests" incomplete="true" displayname="UserServiceApplicationTests" uniqueid="[engine:junit-jupiter]/[class:com.userservice.UserServiceApplicationTests]">
    <error>java.lang.IllegalStateException: Unable to find a @SpringBootConfiguration, you need to use @ContextConfiguration or @SpringBootTest(classes=...) with your test
	at org.springframework.util.Assert.state(Assert.java:76)
	at org.springframework.boot.test.context.SpringBootTestContextBootstrapper.findConfigurationClass(SpringBootTestContextBootstrapper.java:246)
	at org.springframework.boot.test.context.SpringBootTestContextBootstrapper.getOrFindConfigurationClasses(SpringBootTestContextBootstrapper.java:233)
	at org.springframework.boot.test.context.SpringBootTestContextBootstrapper.processMergedContextConfiguration(SpringBootTestContextBootstrapper.java:150)
	at org.springframework.test.context.support.AbstractTestContextBootstrapper.buildMergedContextConfiguration(AbstractTestContextBootstrapper.java:351)
	at org.springframework.test.context.support.AbstractTestContextBootstrapper.buildDefaultMergedContextConfiguration(AbstractTestContextBootstrapper.java:267)
	at org.springframework.test.context.support.AbstractTestContextBootstrapper.buildMergedContextConfiguration(AbstractTestContextBootstrapper.java:215)
	at org.springframework.test.context.support.AbstractTestContextBootstrapper.buildTestContext(AbstractTestContextBootstrapper.java:108)
	at org.springframework.boot.test.context.SpringBootTestContextBootstrapper.buildTestContext(SpringBootTestContextBootstrapper.java:111)
	at org.springframework.test.context.TestContextManager.&lt;init&gt;(TestContextManager.java:142)
	at org.springframework.test.context.TestContextManager.&lt;init&gt;(TestContextManager.java:126)
	at org.springframework.test.context.junit.jupiter.SpringExtension.getTestContextManager(SpringExtension.java:366)
	at org.springframework.test.context.junit.jupiter.SpringExtension.beforeAll(SpringExtension.java:131)
	at java.base/java.util.ArrayList.forEach(ArrayList.java:1511)

</error>
    <testcase name="contextLoads" classname="com.userservice.UserServiceApplicationTests" incomplete="true" displayname="contextLoads()" uniqueid="[engine:junit-jupiter]/[class:com.userservice.UserServiceApplicationTests]/[method:contextLoads()]"/>
    <testcase name="createRating" classname="com.userservice.UserServiceApplicationTests" incomplete="true" displayname="createRating()" uniqueid="[engine:junit-jupiter]/[class:com.userservice.UserServiceApplicationTests]/[method:createRating()]"/>
  </testsuite>
</testrun>
